[2022-11-24 00:05:30:482][restartedMain] INFO  zerobase.weather.WeatherApplication - Starting WeatherApplication using Java 18.0.2 on DESKTOP-015VSR8 with PID 3560 (C:\Work\HomeWork\weather\bin\main started by 박성준 in C:\Work\HomeWork\weather)
[2022-11-24 00:05:30:486][restartedMain] INFO  zerobase.weather.WeatherApplication - No active profile set, falling back to 1 default profile: "default"
[2022-11-24 00:05:30:529][restartedMain] INFO  o.s.b.d.e.DevToolsPropertyDefaultsPostProcessor - Devtools property defaults active! Set 'spring.devtools.add-properties' to 'false' to disable
[2022-11-24 00:05:30:529][restartedMain] INFO  o.s.b.d.e.DevToolsPropertyDefaultsPostProcessor - For additional web related logging consider setting the 'logging.level.web' property to 'DEBUG'
[2022-11-24 00:05:31:1191][restartedMain] INFO  o.s.d.r.c.RepositoryConfigurationDelegate - Bootstrapping Spring Data JPA repositories in DEFAULT mode.
[2022-11-24 00:05:31:1234][restartedMain] INFO  o.s.d.r.c.RepositoryConfigurationDelegate - Finished Spring Data repository scanning in 36 ms. Found 3 JPA repository interfaces.
[2022-11-24 00:05:32:1735][restartedMain] INFO  o.s.b.w.e.tomcat.TomcatWebServer - Tomcat initialized with port(s): 8080 (http)
[2022-11-24 00:05:32:1743][restartedMain] INFO  o.a.coyote.http11.Http11NioProtocol - Initializing ProtocolHandler ["http-nio-8080"]
[2022-11-24 00:05:32:1743][restartedMain] INFO  o.a.catalina.core.StandardService - Starting service [Tomcat]
[2022-11-24 00:05:32:1744][restartedMain] INFO  o.a.catalina.core.StandardEngine - Starting Servlet engine: [Apache Tomcat/9.0.68]
[2022-11-24 00:05:32:1814][restartedMain] INFO  o.a.c.c.C.[Tomcat].[localhost].[/] - Initializing Spring embedded WebApplicationContext
[2022-11-24 00:05:32:1814][restartedMain] INFO  o.s.b.w.s.c.ServletWebServerApplicationContext - Root WebApplicationContext: initialization completed in 1285 ms
[2022-11-24 00:05:32:1960][restartedMain] INFO  com.zaxxer.hikari.HikariDataSource - HikariPool-1 - Starting...
[2022-11-24 00:05:32:2214][restartedMain] INFO  com.zaxxer.hikari.HikariDataSource - HikariPool-1 - Start completed.
[2022-11-24 00:05:32:2253][restartedMain] INFO  o.h.jpa.internal.util.LogHelper - HHH000204: Processing PersistenceUnitInfo [name: default]
[2022-11-24 00:05:32:2295][restartedMain] INFO  org.hibernate.Version - HHH000412: Hibernate ORM core version 5.6.12.Final
[2022-11-24 00:05:32:2496][restartedMain] INFO  o.h.annotations.common.Version - HCANN000001: Hibernate Commons Annotations {5.1.2.Final}
[2022-11-24 00:05:32:2582][restartedMain] INFO  org.hibernate.dialect.Dialect - HHH000400: Using dialect: org.hibernate.dialect.MySQL57Dialect
[2022-11-24 00:05:33:2976][restartedMain] INFO  o.h.e.t.j.p.i.JtaPlatformInitiator - HHH000490: Using JtaPlatform implementation: [org.hibernate.engine.transaction.jta.platform.internal.NoJtaPlatform]
[2022-11-24 00:05:33:2982][restartedMain] INFO  o.s.o.j.LocalContainerEntityManagerFactoryBean - Initialized JPA EntityManagerFactory for persistence unit 'default'
[2022-11-24 00:05:33:3573][restartedMain] WARN  o.s.b.a.o.j.JpaBaseConfiguration$JpaWebConfiguration - spring.jpa.open-in-view is enabled by default. Therefore, database queries may be performed during view rendering. Explicitly configure spring.jpa.open-in-view to disable this warning
[2022-11-24 00:05:34:3866][restartedMain] INFO  o.s.b.d.a.OptionalLiveReloadServer - LiveReload server is running on port 35729
[2022-11-24 00:05:34:4042][restartedMain] INFO  o.a.coyote.http11.Http11NioProtocol - Starting ProtocolHandler ["http-nio-8080"]
[2022-11-24 00:05:34:4067][restartedMain] INFO  o.s.b.w.e.tomcat.TomcatWebServer - Tomcat started on port(s): 8080 (http) with context path ''
[2022-11-24 00:05:34:4237][restartedMain] INFO  zerobase.weather.WeatherApplication - Started WeatherApplication in 4.062 seconds (JVM running for 4.566)
